<?xml version="1.0" encoding="UTF-8"?>
<!-- Generated by org.testng.reporters.JUnitXMLReporter -->
<testsuite ignored="0" hostname="DESKTOP-7GCLRK2" failures="1" tests="1" name="Command line test" time="28.896" errors="0" timestamp="2023-11-30T22:11:50 EET">
  <testcase classname="org.example.base.BaseTest" name="@AfterMethod tearDown" time="0.02">
    <failure type="com.microsoft.playwright.PlaywrightException" message="Error {
  message=&amp;apos;Target page, context or browser has been closed
  name=&amp;apos;Error
  stack=&amp;apos;Error: Target page, context or browser has been closed
    at DispatcherConnection.dispatch (C:\Users\user\AppData\Local\Temp\playwright-java-982392060868857281\package\lib\server\dispatchers\dispatcher.js:227:49)
    at transport.onmessage (C:\Users\user\AppData\Local\Temp\playwright-java-982392060868857281\package\lib\cli\driver.js:52:57)
    at Immediate._onImmediate (C:\Users\user\AppData\Local\Temp\playwright-java-982392060868857281\package\lib\protocol\transport.js:77:34)
    at process.processImmediate (node:internal/timers:476:21)
}">
      <![CDATA[com.microsoft.playwright.PlaywrightException: Error {
  message='Target page, context or browser has been closed
  name='Error
  stack='Error: Target page, context or browser has been closed
    at DispatcherConnection.dispatch (C:\Users\user\AppData\Local\Temp\playwright-java-982392060868857281\package\lib\server\dispatchers\dispatcher.js:227:49)
    at transport.onmessage (C:\Users\user\AppData\Local\Temp\playwright-java-982392060868857281\package\lib\cli\driver.js:52:57)
    at Immediate._onImmediate (C:\Users\user\AppData\Local\Temp\playwright-java-982392060868857281\package\lib\protocol\transport.js:77:34)
    at process.processImmediate (node:internal/timers:476:21)
}
at com.microsoft.playwright.impl.WaitableResult.get(WaitableResult.java:54)
at com.microsoft.playwright.impl.ChannelOwner.runUntil(ChannelOwner.java:111)
at com.microsoft.playwright.impl.Connection.sendMessage(Connection.java:126)
at com.microsoft.playwright.impl.ChannelOwner.sendMessage(ChannelOwner.java:102)
at com.microsoft.playwright.impl.PageImpl.screenshotImpl(PageImpl.java:1085)
at com.microsoft.playwright.impl.PageImpl.lambda$screenshot$65(PageImpl.java:1029)
at com.microsoft.playwright.impl.LoggingSupport.withLogging(LoggingSupport.java:47)
at com.microsoft.playwright.impl.ChannelOwner.withLogging(ChannelOwner.java:87)
at com.microsoft.playwright.impl.PageImpl.screenshot(PageImpl.java:1029)
at org.example.base.BaseTest.tearDown(BaseTest.java:49)
at java.base/java.util.ArrayList.forEach(ArrayList.java:1596)
Caused by: com.microsoft.playwright.impl.DriverException: Error {
  message='Target page, context or browser has been closed
  name='Error
  stack='Error: Target page, context or browser has been closed
    at DispatcherConnection.dispatch (C:\Users\user\AppData\Local\Temp\playwright-java-982392060868857281\package\lib\server\dispatchers\dispatcher.js:227:49)
    at transport.onmessage (C:\Users\user\AppData\Local\Temp\playwright-java-982392060868857281\package\lib\cli\driver.js:52:57)
    at Immediate._onImmediate (C:\Users\user\AppData\Local\Temp\playwright-java-982392060868857281\package\lib\protocol\transport.js:77:34)
    at process.processImmediate (node:internal/timers:476:21)
}
at com.microsoft.playwright.impl.Connection.dispatch(Connection.java:226)
at com.microsoft.playwright.impl.Connection.processOneMessage(Connection.java:206)
at com.microsoft.playwright.impl.ChannelOwner.runUntil(ChannelOwner.java:109)
... 46 more
... Removed 37 stack frames]]>
    </failure>
  </testcase> <!-- @AfterMethod tearDown -->
  <testcase classname="org.example.tests.SearchVideoTest" name="searchVideo" time="20.236">
    <failure type="com.microsoft.playwright.PlaywrightException" message="Error {
  message=&amp;apos;Page closed
=========================== logs ===========================
waiting for locator(&amp;quot;xpath=(//like-button-view-model[@class=&amp;apos;YtLikeButtonViewModelHost&amp;apos;])[1]&amp;quot;) to be visible
============================================================
  name=&amp;apos;Error
  stack=&amp;apos;Error: Page closed
=========================== logs ===========================
waiting for locator(&amp;quot;xpath=(//like-button-view-model[@class=&amp;apos;YtLikeButtonViewModelHost&amp;apos;])[1]&amp;quot;) to be visible
============================================================
    at LongStandingScope._race (C:\Users\user\AppData\Local\Temp\playwright-java-982392060868857281\package\lib\utils\manualPromise.js:96:51)
    at LongStandingScope.race (C:\Users\user\AppData\Local\Temp\playwright-java-982392060868857281\package\lib\utils\manualPromise.js:87:17)
    at C:\Users\user\AppData\Local\Temp\playwright-java-982392060868857281\package\lib\utils\manualPromise.js:84:43
    at Array.map (&amp;lt;anonymous&amp;gt;)
    at LongStandingScope.raceMultiple (C:\Users\user\AppData\Local\Temp\playwright-java-982392060868857281\package\lib\utils\manualPromise.js:84:32)
    at Frame.retryWithProgressAndTimeouts (C:\Users\user\AppData\Local\Temp\playwright-java-982392060868857281\package\lib\server\frames.js:907:40)
    at async ProgressController.run (C:\Users\user\AppData\Local\Temp\playwright-java-982392060868857281\package\lib\server\progress.js:92:22)
    at async FrameDispatcher.waitForSelector (C:\Users\user\AppData\Local\Temp\playwright-java-982392060868857281\package\lib\server\dispatchers\frameDispatcher.js:103:85)
    at async DispatcherConnection.dispatch (C:\Users\user\AppData\Local\Temp\playwright-java-982392060868857281\package\lib\server\dispatchers\dispatcher.js:313:22)
}">
      <![CDATA[com.microsoft.playwright.PlaywrightException: Error {
  message='Page closed
=========================== logs ===========================
waiting for locator("xpath=(//like-button-view-model[@class='YtLikeButtonViewModelHost'])[1]") to be visible
============================================================
  name='Error
  stack='Error: Page closed
=========================== logs ===========================
waiting for locator("xpath=(//like-button-view-model[@class='YtLikeButtonViewModelHost'])[1]") to be visible
============================================================
    at LongStandingScope._race (C:\Users\user\AppData\Local\Temp\playwright-java-982392060868857281\package\lib\utils\manualPromise.js:96:51)
    at LongStandingScope.race (C:\Users\user\AppData\Local\Temp\playwright-java-982392060868857281\package\lib\utils\manualPromise.js:87:17)
    at C:\Users\user\AppData\Local\Temp\playwright-java-982392060868857281\package\lib\utils\manualPromise.js:84:43
    at Array.map (<anonymous>)
    at LongStandingScope.raceMultiple (C:\Users\user\AppData\Local\Temp\playwright-java-982392060868857281\package\lib\utils\manualPromise.js:84:32)
    at Frame.retryWithProgressAndTimeouts (C:\Users\user\AppData\Local\Temp\playwright-java-982392060868857281\package\lib\server\frames.js:907:40)
    at async ProgressController.run (C:\Users\user\AppData\Local\Temp\playwright-java-982392060868857281\package\lib\server\progress.js:92:22)
    at async FrameDispatcher.waitForSelector (C:\Users\user\AppData\Local\Temp\playwright-java-982392060868857281\package\lib\server\dispatchers\frameDispatcher.js:103:85)
    at async DispatcherConnection.dispatch (C:\Users\user\AppData\Local\Temp\playwright-java-982392060868857281\package\lib\server\dispatchers\dispatcher.js:313:22)
}
at com.microsoft.playwright.impl.WaitableResult.get(WaitableResult.java:54)
at com.microsoft.playwright.impl.ChannelOwner.runUntil(ChannelOwner.java:111)
at com.microsoft.playwright.impl.Connection.sendMessage(Connection.java:126)
at com.microsoft.playwright.impl.ChannelOwner.sendMessage(ChannelOwner.java:102)
at com.microsoft.playwright.impl.FrameImpl.waitForSelectorImpl(FrameImpl.java:1064)
at com.microsoft.playwright.impl.LocatorImpl.lambda$waitForImpl$7(LocatorImpl.java:594)
at com.microsoft.playwright.impl.LoggingSupport.withLogging(LoggingSupport.java:47)
at com.microsoft.playwright.impl.ChannelOwner.withLogging(ChannelOwner.java:87)
at com.microsoft.playwright.impl.LocatorImpl.waitForImpl(LocatorImpl.java:594)
at com.microsoft.playwright.impl.LocatorImpl.waitFor(LocatorImpl.java:590)
at com.microsoft.playwright.Locator.waitFor(Locator.java:5062)
at org.example.pages.SearchPage.getLikeButton(SearchPage.java:37)
at org.example.tests.SearchVideoTest.searchVideo(SearchVideoTest.java:25)
at java.base/java.util.ArrayList.forEach(ArrayList.java:1596)
Caused by: com.microsoft.playwright.impl.DriverException: Error {
  message='Page closed
=========================== logs ===========================
waiting for locator("xpath=(//like-button-view-model[@class='YtLikeButtonViewModelHost'])[1]") to be visible
============================================================
  name='Error
  stack='Error: Page closed
=========================== logs ===========================
waiting for locator("xpath=(//like-button-view-model[@class='YtLikeButtonViewModelHost'])[1]") to be visible
============================================================
    at LongStandingScope._race (C:\Users\user\AppData\Local\Temp\playwright-java-982392060868857281\package\lib\utils\manualPromise.js:96:51)
    at LongStandingScope.race (C:\Users\user\AppData\Local\Temp\playwright-java-982392060868857281\package\lib\utils\manualPromise.js:87:17)
    at C:\Users\user\AppData\Local\Temp\playwright-java-982392060868857281\package\lib\utils\manualPromise.js:84:43
    at Array.map (<anonymous>)
    at LongStandingScope.raceMultiple (C:\Users\user\AppData\Local\Temp\playwright-java-982392060868857281\package\lib\utils\manualPromise.js:84:32)
    at Frame.retryWithProgressAndTimeouts (C:\Users\user\AppData\Local\Temp\playwright-java-982392060868857281\package\lib\server\frames.js:907:40)
    at async ProgressController.run (C:\Users\user\AppData\Local\Temp\playwright-java-982392060868857281\package\lib\server\progress.js:92:22)
    at async FrameDispatcher.waitForSelector (C:\Users\user\AppData\Local\Temp\playwright-java-982392060868857281\package\lib\server\dispatchers\frameDispatcher.js:103:85)
    at async DispatcherConnection.dispatch (C:\Users\user\AppData\Local\Temp\playwright-java-982392060868857281\package\lib\server\dispatchers\dispatcher.js:313:22)
}
at com.microsoft.playwright.impl.Connection.dispatch(Connection.java:226)
at com.microsoft.playwright.impl.Connection.processOneMessage(Connection.java:206)
at com.microsoft.playwright.impl.ChannelOwner.runUntil(ChannelOwner.java:109)
... 44 more
... Removed 32 stack frames]]>
    </failure>
  </testcase> <!-- searchVideo -->
</testsuite> <!-- Command line test -->
