<?xml version="1.0" encoding="UTF-8"?>
<testng-results ignored="0" total="1" passed="1" failed="0" skipped="0">
  <reporter-output>
  </reporter-output>
  <suite started-at="2023-12-06T00:23:57 EET" name="org.example.tests.gotoLoginPageTest" finished-at="2023-12-06T00:24:08 EET" duration-ms="11304">
    <groups>
    </groups>
    <test started-at="2023-12-06T00:23:57 EET" name="Command line test" finished-at="2023-12-06T00:24:08 EET" duration-ms="11304">
      <class name="org.example.tests.gotoLoginPageTest">
        <test-method is-config="true" signature="setUp(java.lang.String,java.lang.String)[pri:0, instance:org.example.tests.gotoLoginPageTest@6bf0219d]" started-at="2023-12-06T00:23:57 EET" name="setUp" finished-at="2023-12-06T00:24:06 EET" duration-ms="8804" status="PASS">
          <params>
            <param index="0">
              <value>
                <![CDATA[chrome]]>
              </value>
            </param>
            <param index="1">
              <value>
                <![CDATA[false]]>
              </value>
            </param>
          </params>
          <reporter-output>
          </reporter-output>
        </test-method> <!-- setUp -->
        <test-method signature="openSettingsAndFaceLoginPage()[pri:0, instance:org.example.tests.gotoLoginPageTest@6bf0219d]" started-at="2023-12-06T00:24:06 EET" name="openSettingsAndFaceLoginPage" finished-at="2023-12-06T00:24:08 EET" duration-ms="2343" status="PASS">
          <reporter-output>
          </reporter-output>
        </test-method> <!-- openSettingsAndFaceLoginPage -->
        <test-method is-config="true" signature="tearDown(org.testng.ITestResult)[pri:0, instance:org.example.tests.gotoLoginPageTest@6bf0219d]" started-at="2023-12-06T00:24:08 EET" name="tearDown" finished-at="2023-12-06T00:24:08 EET" duration-ms="2" status="PASS">
          <params>
            <param index="0">
              <value>
                <![CDATA[[TestResult name=openSettingsAndFaceLoginPage status=SUCCESS method=gotoLoginPageTest.openSettingsAndFaceLoginPage()[pri:0, instance:org.example.tests.gotoLoginPageTest@6bf0219d] output={null}]]]>
              </value>
            </param>
          </params>
          <reporter-output>
          </reporter-output>
        </test-method> <!-- tearDown -->
      </class> <!-- org.example.tests.gotoLoginPageTest -->
    </test> <!-- Command line test -->
  </suite> <!-- org.example.tests.gotoLoginPageTest -->
</testng-results>
