<?xml version="1.0" encoding="UTF-8"?>
<testng-results ignored="0" total="5" passed="5" failed="0" skipped="0">
  <reporter-output>
  </reporter-output>
  <suite started-at="2023-12-07T00:03:11 EET" name="Command line suite" finished-at="2023-12-07T00:03:48 EET" duration-ms="36249">
    <groups>
    </groups>
    <test started-at="2023-12-07T00:03:11 EET" name="Command line test" finished-at="2023-12-07T00:03:48 EET" duration-ms="36249">
      <class name="org.example.tests.VerifyUnaccessTest">
        <test-method is-config="true" signature="setUp(java.lang.String,java.lang.String)[pri:0, instance:org.example.tests.VerifyUnaccessTest@77eca502]" started-at="2023-12-07T00:03:34 EET" name="setUp" finished-at="2023-12-07T00:03:38 EET" duration-ms="4401" status="PASS">
          <params>
            <param index="0">
              <value>
                <![CDATA[chrome]]>
              </value>
            </param>
            <param index="1">
              <value>
                <![CDATA[false]]>
              </value>
            </param>
          </params>
          <reporter-output>
          </reporter-output>
        </test-method> <!-- setUp -->
        <test-method signature="verifyUnaccess()[pri:0, instance:org.example.tests.VerifyUnaccessTest@77eca502]" started-at="2023-12-07T00:03:38 EET" name="verifyUnaccess" finished-at="2023-12-07T00:03:40 EET" duration-ms="1378" status="PASS">
          <reporter-output>
          </reporter-output>
        </test-method> <!-- verifyUnaccess -->
        <test-method is-config="true" signature="tearDown(org.testng.ITestResult)[pri:0, instance:org.example.tests.VerifyUnaccessTest@77eca502]" started-at="2023-12-07T00:03:40 EET" name="tearDown" finished-at="2023-12-07T00:03:40 EET" duration-ms="1" status="PASS">
          <params>
            <param index="0">
              <value>
                <![CDATA[[TestResult name=verifyUnaccess status=SUCCESS method=VerifyUnaccessTest.verifyUnaccess()[pri:0, instance:org.example.tests.VerifyUnaccessTest@77eca502] output={null}]]]>
              </value>
            </param>
          </params>
          <reporter-output>
          </reporter-output>
        </test-method> <!-- tearDown -->
      </class> <!-- org.example.tests.VerifyUnaccessTest -->
      <class name="org.example.tests.SearchVideoTest">
        <test-method is-config="true" signature="setUp(java.lang.String,java.lang.String)[pri:0, instance:org.example.tests.SearchVideoTest@26275bef]" started-at="2023-12-07T00:03:19 EET" name="setUp" finished-at="2023-12-07T00:03:23 EET" duration-ms="3976" status="PASS">
          <params>
            <param index="0">
              <value>
                <![CDATA[chrome]]>
              </value>
            </param>
            <param index="1">
              <value>
                <![CDATA[false]]>
              </value>
            </param>
          </params>
          <reporter-output>
          </reporter-output>
        </test-method> <!-- setUp -->
        <test-method signature="searchVideo()[pri:0, instance:org.example.tests.SearchVideoTest@26275bef]" started-at="2023-12-07T00:03:23 EET" name="searchVideo" finished-at="2023-12-07T00:03:27 EET" duration-ms="3931" status="PASS">
          <reporter-output>
          </reporter-output>
        </test-method> <!-- searchVideo -->
        <test-method is-config="true" signature="tearDown(org.testng.ITestResult)[pri:0, instance:org.example.tests.SearchVideoTest@26275bef]" started-at="2023-12-07T00:03:27 EET" name="tearDown" finished-at="2023-12-07T00:03:27 EET" duration-ms="0" status="PASS">
          <params>
            <param index="0">
              <value>
                <![CDATA[[TestResult name=searchVideo status=SUCCESS method=SearchVideoTest.searchVideo()[pri:0, instance:org.example.tests.SearchVideoTest@26275bef] output={null}]]]>
              </value>
            </param>
          </params>
          <reporter-output>
          </reporter-output>
        </test-method> <!-- tearDown -->
      </class> <!-- org.example.tests.SearchVideoTest -->
      <class name="org.example.tests.wGotoLoginPageTest">
        <test-method is-config="true" signature="setUp(java.lang.String,java.lang.String)[pri:0, instance:org.example.tests.wGotoLoginPageTest@3246fb96]" started-at="2023-12-07T00:03:40 EET" name="setUp" finished-at="2023-12-07T00:03:45 EET" duration-ms="5567" status="PASS">
          <params>
            <param index="0">
              <value>
                <![CDATA[chrome]]>
              </value>
            </param>
            <param index="1">
              <value>
                <![CDATA[false]]>
              </value>
            </param>
          </params>
          <reporter-output>
          </reporter-output>
        </test-method> <!-- setUp -->
        <test-method signature="openSettingsAndFaceLoginPage()[pri:0, instance:org.example.tests.wGotoLoginPageTest@3246fb96]" started-at="2023-12-07T00:03:45 EET" name="openSettingsAndFaceLoginPage" finished-at="2023-12-07T00:03:48 EET" duration-ms="2293" status="PASS">
          <reporter-output>
          </reporter-output>
        </test-method> <!-- openSettingsAndFaceLoginPage -->
        <test-method is-config="true" signature="tearDown(org.testng.ITestResult)[pri:0, instance:org.example.tests.wGotoLoginPageTest@3246fb96]" started-at="2023-12-07T00:03:48 EET" name="tearDown" finished-at="2023-12-07T00:03:48 EET" duration-ms="0" status="PASS">
          <params>
            <param index="0">
              <value>
                <![CDATA[[TestResult name=openSettingsAndFaceLoginPage status=SUCCESS method=wGotoLoginPageTest.openSettingsAndFaceLoginPage()[pri:0, instance:org.example.tests.wGotoLoginPageTest@3246fb96] output={null}]]]>
              </value>
            </param>
          </params>
          <reporter-output>
          </reporter-output>
        </test-method> <!-- tearDown -->
      </class> <!-- org.example.tests.wGotoLoginPageTest -->
      <class name="org.example.tests.HomepageTest">
        <test-method is-config="true" signature="setUp(java.lang.String,java.lang.String)[pri:0, instance:org.example.tests.HomepageTest@4d910fd6]" started-at="2023-12-07T00:03:11 EET" name="setUp" finished-at="2023-12-07T00:03:19 EET" duration-ms="7459" status="PASS">
          <params>
            <param index="0">
              <value>
                <![CDATA[chrome]]>
              </value>
            </param>
            <param index="1">
              <value>
                <![CDATA[false]]>
              </value>
            </param>
          </params>
          <reporter-output>
          </reporter-output>
        </test-method> <!-- setUp -->
        <test-method signature="verifyHeadingIsVisible()[pri:0, instance:org.example.tests.HomepageTest@4d910fd6]" started-at="2023-12-07T00:03:19 EET" name="verifyHeadingIsVisible" finished-at="2023-12-07T00:03:19 EET" duration-ms="282" status="PASS">
          <reporter-output>
          </reporter-output>
        </test-method> <!-- verifyHeadingIsVisible -->
        <test-method is-config="true" signature="tearDown(org.testng.ITestResult)[pri:0, instance:org.example.tests.HomepageTest@4d910fd6]" started-at="2023-12-07T00:03:19 EET" name="tearDown" finished-at="2023-12-07T00:03:19 EET" duration-ms="7" status="PASS">
          <params>
            <param index="0">
              <value>
                <![CDATA[[TestResult name=verifyHeadingIsVisible status=SUCCESS method=HomepageTest.verifyHeadingIsVisible()[pri:0, instance:org.example.tests.HomepageTest@4d910fd6] output={null}]]]>
              </value>
            </param>
          </params>
          <reporter-output>
          </reporter-output>
        </test-method> <!-- tearDown -->
      </class> <!-- org.example.tests.HomepageTest -->
      <class name="org.example.tests.ShortsTest">
        <test-method is-config="true" signature="setUp(java.lang.String,java.lang.String)[pri:0, instance:org.example.tests.ShortsTest@7690781]" started-at="2023-12-07T00:03:27 EET" name="setUp" finished-at="2023-12-07T00:03:32 EET" duration-ms="4590" status="PASS">
          <params>
            <param index="0">
              <value>
                <![CDATA[chrome]]>
              </value>
            </param>
            <param index="1">
              <value>
                <![CDATA[false]]>
              </value>
            </param>
          </params>
          <reporter-output>
          </reporter-output>
        </test-method> <!-- setUp -->
        <test-method signature="shortsTest()[pri:0, instance:org.example.tests.ShortsTest@7690781]" started-at="2023-12-07T00:03:32 EET" name="shortsTest" finished-at="2023-12-07T00:03:34 EET" duration-ms="2186" status="PASS">
          <reporter-output>
          </reporter-output>
        </test-method> <!-- shortsTest -->
        <test-method is-config="true" signature="tearDown(org.testng.ITestResult)[pri:0, instance:org.example.tests.ShortsTest@7690781]" started-at="2023-12-07T00:03:34 EET" name="tearDown" finished-at="2023-12-07T00:03:34 EET" duration-ms="1" status="PASS">
          <params>
            <param index="0">
              <value>
                <![CDATA[[TestResult name=shortsTest status=SUCCESS method=ShortsTest.shortsTest()[pri:0, instance:org.example.tests.ShortsTest@7690781] output={null}]]]>
              </value>
            </param>
          </params>
          <reporter-output>
          </reporter-output>
        </test-method> <!-- tearDown -->
      </class> <!-- org.example.tests.ShortsTest -->
    </test> <!-- Command line test -->
  </suite> <!-- Command line suite -->
</testng-results>
