-------------------------------------------------------------------------------
Test set: TestSuite
-------------------------------------------------------------------------------
Tests run: 2, Failures: 1, Errors: 0, Skipped: 0, Time elapsed: 13.237 sec <<< FAILURE!
searchVideo(org.example.tests.SearchVideoTest)  Time elapsed: 0.014 sec  <<< FAILURE!
com.microsoft.playwright.PlaywrightException: Error {
  message='Target page, context or browser has been closed
  name='Error
  stack='Error: Target page, context or browser has been closed
    at DispatcherConnection.dispatch (C:\Users\user\AppData\Local\Temp\playwright-java-10992731780129799139\package\lib\server\dispatchers\dispatcher.js:227:49)
    at transport.onmessage (C:\Users\user\AppData\Local\Temp\playwright-java-10992731780129799139\package\lib\cli\driver.js:52:57)
    at Immediate._onImmediate (C:\Users\user\AppData\Local\Temp\playwright-java-10992731780129799139\package\lib\protocol\transport.js:77:34)
    at process.processImmediate (node:internal/timers:476:21)
}
	at com.microsoft.playwright.impl.WaitableResult.get(WaitableResult.java:54)
	at com.microsoft.playwright.impl.ChannelOwner.runUntil(ChannelOwner.java:111)
	at com.microsoft.playwright.impl.Connection.sendMessage(Connection.java:126)
	at com.microsoft.playwright.impl.ChannelOwner.sendMessage(ChannelOwner.java:102)
	at com.microsoft.playwright.impl.LocatorImpl.expectImpl(LocatorImpl.java:620)
	at com.microsoft.playwright.impl.LocatorImpl.lambda$expect$8(LocatorImpl.java:603)
	at com.microsoft.playwright.impl.LoggingSupport.withLogging(LoggingSupport.java:47)
	at com.microsoft.playwright.impl.ChannelOwner.withLogging(ChannelOwner.java:87)
	at com.microsoft.playwright.impl.LocatorImpl.expect(LocatorImpl.java:603)
	at com.microsoft.playwright.impl.AssertionsBase.expectImpl(AssertionsBase.java:60)
	at com.microsoft.playwright.impl.AssertionsBase.expectImpl(AssertionsBase.java:50)
	at com.microsoft.playwright.impl.LocatorAssertionsImpl.expectTrue(LocatorAssertionsImpl.java:352)
	at com.microsoft.playwright.impl.LocatorAssertionsImpl.isVisible(LocatorAssertionsImpl.java:347)
	at com.microsoft.playwright.assertions.LocatorAssertions.isVisible(LocatorAssertions.java:672)
	at org.example.tests.SearchVideoTest.searchVideo(SearchVideoTest.java:13)
Caused by: com.microsoft.playwright.impl.DriverException: Error {
  message='Target page, context or browser has been closed
  name='Error
  stack='Error: Target page, context or browser has been closed
    at DispatcherConnection.dispatch (C:\Users\user\AppData\Local\Temp\playwright-java-10992731780129799139\package\lib\server\dispatchers\dispatcher.js:227:49)
    at transport.onmessage (C:\Users\user\AppData\Local\Temp\playwright-java-10992731780129799139\package\lib\cli\driver.js:52:57)
    at Immediate._onImmediate (C:\Users\user\AppData\Local\Temp\playwright-java-10992731780129799139\package\lib\protocol\transport.js:77:34)
    at process.processImmediate (node:internal/timers:476:21)
}
	at com.microsoft.playwright.impl.Connection.dispatch(Connection.java:226)
	at com.microsoft.playwright.impl.Connection.processOneMessage(Connection.java:206)
	at com.microsoft.playwright.impl.ChannelOwner.runUntil(ChannelOwner.java:109)
	... 47 more

