<?xml version="1.0" encoding="UTF-8" ?>
<testsuite tests="4" failures="1" name="TestSuite" time="43.495" errors="0" skipped="0">
  <properties>
[...]
</properties>
  <testcase classname="org.example.tests.HomepageTest" name="verifyHeadingIsVisible" time="0.216"/>
  <testcase classname="org.example.tests.SearchVideoTest" name="searchVideo" time="35.205">
    <failure message="Error {
  message=&apos;Timeout 30000ms exceeded.
=========================== logs ===========================
waiting for locator(&quot;xpath=(//like-button-view-model[@class=&apos;YtLikeButtonViewModelHost&apos;])[1]&quot;) to be visible
============================================================
  name=&apos;TimeoutError
  stack=&apos;TimeoutError: Timeout 30000ms exceeded.
=========================== logs ===========================
waiting for locator(&quot;xpath=(//like-button-view-model[@class=&apos;YtLikeButtonViewModelHost&apos;])[1]&quot;) to be visible
============================================================
    at ProgressController.run (C:\Users\user\AppData\Local\Temp\playwright-java-307849707808395397\package\lib\server\progress.js:88:26)
    at Frame.waitForSelector (C:\Users\user\AppData\Local\Temp\playwright-java-307849707808395397\package\lib\server\frames.js:618:23)
    at FrameDispatcher.waitForSelector (C:\Users\user\AppData\Local\Temp\playwright-java-307849707808395397\package\lib\server\dispatchers\frameDispatcher.js:103:103)
    at DispatcherConnection.dispatch (C:\Users\user\AppData\Local\Temp\playwright-java-307849707808395397\package\lib\server\dispatchers\dispatcher.js:313:46)
}" type="com.microsoft.playwright.TimeoutError">com.microsoft.playwright.TimeoutError: Error {
  message=&apos;Timeout 30000ms exceeded.
=========================== logs ===========================
waiting for locator(&quot;xpath=(//like-button-view-model[@class=&apos;YtLikeButtonViewModelHost&apos;])[1]&quot;) to be visible
============================================================
  name=&apos;TimeoutError
  stack=&apos;TimeoutError: Timeout 30000ms exceeded.
=========================== logs ===========================
waiting for locator(&quot;xpath=(//like-button-view-model[@class=&apos;YtLikeButtonViewModelHost&apos;])[1]&quot;) to be visible
============================================================
    at ProgressController.run (C:\Users\user\AppData\Local\Temp\playwright-java-307849707808395397\package\lib\server\progress.js:88:26)
    at Frame.waitForSelector (C:\Users\user\AppData\Local\Temp\playwright-java-307849707808395397\package\lib\server\frames.js:618:23)
    at FrameDispatcher.waitForSelector (C:\Users\user\AppData\Local\Temp\playwright-java-307849707808395397\package\lib\server\dispatchers\frameDispatcher.js:103:103)
    at DispatcherConnection.dispatch (C:\Users\user\AppData\Local\Temp\playwright-java-307849707808395397\package\lib\server\dispatchers\dispatcher.js:313:46)
}
	at com.microsoft.playwright.impl.WaitableResult.get(WaitableResult.java:52)
	at com.microsoft.playwright.impl.ChannelOwner.runUntil(ChannelOwner.java:111)
	at com.microsoft.playwright.impl.Connection.sendMessage(Connection.java:126)
	at com.microsoft.playwright.impl.ChannelOwner.sendMessage(ChannelOwner.java:102)
	at com.microsoft.playwright.impl.FrameImpl.waitForSelectorImpl(FrameImpl.java:1064)
	at com.microsoft.playwright.impl.LocatorImpl.lambda$waitForImpl$7(LocatorImpl.java:594)
	at com.microsoft.playwright.impl.LoggingSupport.withLogging(LoggingSupport.java:47)
	at com.microsoft.playwright.impl.ChannelOwner.withLogging(ChannelOwner.java:87)
	at com.microsoft.playwright.impl.LocatorImpl.waitForImpl(LocatorImpl.java:594)
	at com.microsoft.playwright.impl.LocatorImpl.waitFor(LocatorImpl.java:590)
	at com.microsoft.playwright.Locator.waitFor(Locator.java:5062)
	at org.example.pages.SearchPage.getLikeButton(SearchPage.java:37)
	at org.example.tests.SearchVideoTest.searchVideo(SearchVideoTest.java:25)
Caused by: com.microsoft.playwright.TimeoutError: Error {
  message=&apos;Timeout 30000ms exceeded.
=========================== logs ===========================
waiting for locator(&quot;xpath=(//like-button-view-model[@class=&apos;YtLikeButtonViewModelHost&apos;])[1]&quot;) to be visible
============================================================
  name=&apos;TimeoutError
  stack=&apos;TimeoutError: Timeout 30000ms exceeded.
=========================== logs ===========================
waiting for locator(&quot;xpath=(//like-button-view-model[@class=&apos;YtLikeButtonViewModelHost&apos;])[1]&quot;) to be visible
============================================================
    at ProgressController.run (C:\Users\user\AppData\Local\Temp\playwright-java-307849707808395397\package\lib\server\progress.js:88:26)
    at Frame.waitForSelector (C:\Users\user\AppData\Local\Temp\playwright-java-307849707808395397\package\lib\server\frames.js:618:23)
    at FrameDispatcher.waitForSelector (C:\Users\user\AppData\Local\Temp\playwright-java-307849707808395397\package\lib\server\dispatchers\frameDispatcher.js:103:103)
    at DispatcherConnection.dispatch (C:\Users\user\AppData\Local\Temp\playwright-java-307849707808395397\package\lib\server\dispatchers\dispatcher.js:313:46)
}
	at com.microsoft.playwright.impl.Connection.dispatch(Connection.java:224)
	at com.microsoft.playwright.impl.Connection.processOneMessage(Connection.java:206)
	at com.microsoft.playwright.impl.ChannelOwner.runUntil(ChannelOwner.java:109)
	... 45 more
</failure>
    <system-out>-- Success --
</system-out>
  </testcase>
  <testcase classname="org.example.tests.ShortsTest" name="shortsTest" time="3.457"/>
  <testcase classname="org.example.tests.VerifyUnaccessTest" name="verifyUnaccess" time="4.617"/>
</testsuite>